[0m16:32:57.287085 [debug] [MainThread]: Sending event: {'category': 'dbt', 'action': 'invocation', 'label': 'start', 'context': [<snowplow_tracker.self_describing_json.SelfDescribingJson object at 0x74c3cc720790>, <snowplow_tracker.self_describing_json.SelfDescribingJson object at 0x74c3cc8ddd10>, <snowplow_tracker.self_describing_json.SelfDescribingJson object at 0x74c3cc720750>]}


============================== 16:32:57.296293 | a3c7a9b9-dbd1-4a76-9a77-c45b02d7b486 ==============================
[0m16:32:57.296293 [info ] [MainThread]: Running with dbt=1.11.2
[0m16:32:57.297641 [debug] [MainThread]: running dbt with arguments {'cache_selected_only': 'False', 'warn_error': 'None', 'empty': 'None', 'log_format': 'default', 'profiles_dir': '/root/.dbt', 'use_colors': 'True', 'version_check': 'True', 'use_experimental_parser': 'False', 'write_json': 'True', 'send_anonymous_usage_stats': 'True', 'partial_parse': 'True', 'introspect': 'True', 'printer_width': '80', 'quiet': 'False', 'debug': 'False', 'static_parser': 'True', 'indirect_selection': 'eager', 'warn_error_options': 'WarnErrorOptionsV2(error=[], warn=[], silence=[])', 'fail_fast': 'False', 'invocation_command': 'dbt debug', 'log_cache_events': 'False', 'no_print': 'None', 'log_path': 'logs', 'target_path': 'None'}
[0m16:32:57.325657 [info ] [MainThread]: dbt version: 1.11.2
[0m16:32:57.326796 [info ] [MainThread]: python version: 3.11.14
[0m16:32:57.327712 [info ] [MainThread]: python path: /usr/local/bin/python3.11
[0m16:32:57.328694 [info ] [MainThread]: os info: Linux-6.8.0-90-generic-x86_64-with-glibc2.41
[0m16:32:57.472445 [info ] [MainThread]: Using profiles dir at /root/.dbt
[0m16:32:57.473401 [info ] [MainThread]: Using profiles.yml file at /root/.dbt/profiles.yml
[0m16:32:57.474061 [info ] [MainThread]: Using dbt_project.yml file at /usr/app/dbt_project.yml
[0m16:32:57.475039 [info ] [MainThread]: adapter type: clickhouse
[0m16:32:57.476033 [info ] [MainThread]: adapter version: 1.9.8
[0m16:32:57.476671 [info ] [MainThread]: Configuration:
[0m16:32:57.477311 [info ] [MainThread]:   profiles.yml file [[32mOK found and valid[0m]
[0m16:32:57.477817 [info ] [MainThread]:   dbt_project.yml file [[31mERROR not found[0m]
[0m16:32:57.478479 [info ] [MainThread]: Required dependencies:
[0m16:32:57.479552 [debug] [MainThread]: Executing "git --help"
[0m16:32:57.481416 [info ] [MainThread]:  - git [[31mERROR[0m]

[0m16:32:57.482126 [info ] [MainThread]: Connection:
[0m16:32:57.483014 [info ] [MainThread]:   driver: None
[0m16:32:57.483960 [info ] [MainThread]:   host: clickhouse
[0m16:32:57.484596 [info ] [MainThread]:   port: 8123
[0m16:32:57.485124 [info ] [MainThread]:   user: admin
[0m16:32:57.485648 [info ] [MainThread]:   schema: crypto
[0m16:32:57.486010 [info ] [MainThread]:   retries: 1
[0m16:32:57.486482 [info ] [MainThread]:   cluster: None
[0m16:32:57.486905 [info ] [MainThread]:   database_engine: None
[0m16:32:57.487385 [info ] [MainThread]:   cluster_mode: False
[0m16:32:57.487761 [info ] [MainThread]:   secure: False
[0m16:32:57.488321 [info ] [MainThread]:   verify: False
[0m16:32:57.488787 [info ] [MainThread]:   client_cert: None
[0m16:32:57.489279 [info ] [MainThread]:   client_cert_key: None
[0m16:32:57.489815 [info ] [MainThread]:   connect_timeout: 10
[0m16:32:57.490297 [info ] [MainThread]:   send_receive_timeout: 300
[0m16:32:57.490803 [info ] [MainThread]:   sync_request_timeout: 5
[0m16:32:57.491346 [info ] [MainThread]:   compress_block_size: 1048576
[0m16:32:57.491766 [info ] [MainThread]:   compression: 
[0m16:32:57.492189 [info ] [MainThread]:   check_exchange: True
[0m16:32:57.492552 [info ] [MainThread]:   custom_settings: None
[0m16:32:57.492988 [info ] [MainThread]:   use_lw_deletes: False
[0m16:32:57.493389 [info ] [MainThread]:   allow_automatic_deduplication: False
[0m16:32:57.493735 [info ] [MainThread]:   tcp_keepalive: False
[0m16:32:57.494567 [info ] [MainThread]: Registered adapter: clickhouse=1.9.8
[0m16:32:57.647193 [debug] [MainThread]: Acquiring new clickhouse connection 'debug'
[0m16:32:57.648333 [debug] [MainThread]: Opening a new connection, currently in state init
[0m16:32:57.886564 [debug] [MainThread]: dbt_clickhouse adapter: On debug: select 1 as id...
[0m16:32:57.895027 [debug] [MainThread]: dbt_clickhouse adapter: SQL status: OK in 0.01 seconds
[0m16:32:57.929236 [info ] [MainThread]:   Connection test: [[32mOK connection ok[0m]

[0m16:32:57.930288 [info ] [MainThread]: [31m2 checks failed:[0m
[0m16:32:57.931072 [info ] [MainThread]: Project loading failed for the following reason:
 project path </usr/app/dbt_project.yml> not found

[0m16:32:57.931605 [info ] [MainThread]: Error from git --help: Could not find command, ensure it is in the user's PATH: "git"

[0m16:32:57.933587 [debug] [MainThread]: Resource report: {"command_name": "debug", "command_success": false, "command_wall_clock_time": 0.7786946, "process_in_blocks": "0", "process_kernel_time": 0.685607, "process_mem_max_rss": "112816", "process_out_blocks": "16", "process_user_time": 3.571544}
[0m16:32:57.934707 [debug] [MainThread]: Command `dbt debug` failed at 16:32:57.934460 after 0.78 seconds
[0m16:32:57.935419 [debug] [MainThread]: Connection 'debug' was left open.
[0m16:32:57.935966 [debug] [MainThread]: On debug: Close
[0m16:32:57.936989 [debug] [MainThread]: Sending event: {'category': 'dbt', 'action': 'invocation', 'label': 'end', 'context': [<snowplow_tracker.self_describing_json.SelfDescribingJson object at 0x74c3cc492710>, <snowplow_tracker.self_describing_json.SelfDescribingJson object at 0x74c3d10f0690>, <snowplow_tracker.self_describing_json.SelfDescribingJson object at 0x74c3cc6a5550>]}
[0m16:32:57.937696 [debug] [MainThread]: Flushing usage events
[0m16:32:58.494930 [debug] [MainThread]: An error was encountered while trying to flush usage events
